<?xml version="1.0" encoding="UTF-8"?>
<!-- Generated by org.testng.reporters.JUnitXMLReporter -->
<testsuite ignored="0" hostname="Sid-PC" failures="0" tests="6" name="Default test" time="1.894" errors="0" timestamp="2024-05-21T09:01:47 IST">
  <testcase classname="com.testng.examples.TestNGLifecycle" name="myTest" time="0.012"/>
  <testcase classname="com.testng.examples.TestNGLifecycle" name="myTest" time="0.003"/>
  <testcase classname="com.testng.examples.TestNGLifecycle" name="myTest" time="0.003"/>
  <testcase classname="com.testng.examples.TestNGLifecycle" name="myTest" time="0.003"/>
  <testcase classname="com.testng.examples.TestNGLifecycle" name="myTest" time="0.002"/>
  <testcase classname="com.testng.examples.TestNGLifecycle" name="myTest2" time="0.001"/>
</testsuite> <!-- Default test -->
