<?xml version="1.0" encoding="UTF-8"?>
<!-- Generated by org.testng.reporters.JUnitXMLReporter -->
<testsuite ignored="0" hostname="Sid-PC" failures="0" tests="3" name="Default test" time="23.929" errors="0" timestamp="2024-06-08T09:37:15 IST">
  <testcase classname="config.Hooks" name="test" time="0.023"/>
  <testcase classname="tests.LoginTest" name="LoginIntoPortal_valid_credentials" time="5.837"/>
  <testcase classname="tests.LoginTest" name="loginPortal_reset_function_test" time="4.336"/>
</testsuite> <!-- Default test -->
