<?xml version="1.0" encoding="UTF-8"?>
<testsuite xmlns:xsi="http://www.w3.org/2001/XMLSchema-instance" xsi:noNamespaceSchemaLocation="https://maven.apache.org/surefire/maven-surefire-plugin/xsd/surefire-test-report-3.0.xsd" version="3.0" name="com.testng.examples.TestNGLifecycle" time="0.896" tests="2" errors="0" skipped="0" failures="0">
  <properties>
[...]
</properties>
  <testcase name="myTest" classname="com.testng.examples.TestNGLifecycle" time="0.001">
    <system-out><![CDATA[I'll run before Each Test Method
This is a dummy Test
]]></system-out>
  </testcase>
  <testcase name="myTest2" classname="com.testng.examples.TestNGLifecycle" time="0">
    <system-out><![CDATA[I'll run After Each Test Method
I'll run before Each Test Method
This is a dummy Test2
]]></system-out>
  </testcase>
</testsuite>