<?xml version="1.0" encoding="UTF-8"?>
<testng-results ignored="0" total="2" passed="2" failed="0" skipped="0">
  <reporter-output>
  </reporter-output>
  <suite started-at="2024-05-19T10:12:52 IST" name="Surefire suite" finished-at="2024-05-19T10:12:52 IST" duration-ms="88">
    <groups>
    </groups>
    <test started-at="2024-05-19T10:12:52 IST" name="Surefire test" finished-at="2024-05-19T10:12:52 IST" duration-ms="88">
      <class name="com.testng.examples.TestNGLifecycle">
        <test-method is-config="true" signature="beforeTest()[pri:0, instance:com.testng.examples.TestNGLifecycle@221af3c0]" started-at="2024-05-19T10:12:52 IST" name="beforeTest" finished-at="2024-05-19T10:12:52 IST" duration-ms="8" status="PASS">
          <reporter-output>
          </reporter-output>
        </test-method> <!-- beforeTest -->
        <test-method signature="myTest()[pri:0, instance:com.testng.examples.TestNGLifecycle@221af3c0]" started-at="2024-05-19T10:12:52 IST" name="myTest" finished-at="2024-05-19T10:12:52 IST" duration-ms="4" status="PASS">
          <reporter-output>
          </reporter-output>
        </test-method> <!-- myTest -->
        <test-method is-config="true" signature="afterTest()[pri:0, instance:com.testng.examples.TestNGLifecycle@221af3c0]" started-at="2024-05-19T10:12:52 IST" name="afterTest" finished-at="2024-05-19T10:12:52 IST" duration-ms="0" status="PASS">
          <reporter-output>
          </reporter-output>
        </test-method> <!-- afterTest -->
        <test-method is-config="true" signature="beforeTest()[pri:0, instance:com.testng.examples.TestNGLifecycle@221af3c0]" started-at="2024-05-19T10:12:52 IST" name="beforeTest" finished-at="2024-05-19T10:12:52 IST" duration-ms="1" status="PASS">
          <reporter-output>
          </reporter-output>
        </test-method> <!-- beforeTest -->
        <test-method signature="myTest2()[pri:0, instance:com.testng.examples.TestNGLifecycle@221af3c0]" started-at="2024-05-19T10:12:52 IST" name="myTest2" finished-at="2024-05-19T10:12:52 IST" duration-ms="0" status="PASS">
          <reporter-output>
          </reporter-output>
        </test-method> <!-- myTest2 -->
        <test-method is-config="true" signature="afterTest()[pri:0, instance:com.testng.examples.TestNGLifecycle@221af3c0]" started-at="2024-05-19T10:12:52 IST" name="afterTest" finished-at="2024-05-19T10:12:52 IST" duration-ms="1" status="PASS">
          <reporter-output>
          </reporter-output>
        </test-method> <!-- afterTest -->
      </class> <!-- com.testng.examples.TestNGLifecycle -->
    </test> <!-- Surefire test -->
  </suite> <!-- Surefire suite -->
</testng-results>
