<?xml version="1.0" encoding="UTF-8"?>
<!-- Generated by org.testng.reporters.JUnitXMLReporter -->
<testsuite ignored="0" hostname="Sid-PC" failures="2" tests="6" name="Guru99 Bank Portal Test" time="85.589" errors="0" timestamp="2024-06-18T08:25:36 IST">
  <testcase classname="tests.LoginTest" name="assert_example" time="24.439">
    <failure type="java.lang.NullPointerException" message="Cannot invoke &amp;quot;org.testng.asserts.SoftAssert.assertEquals(String, String)&amp;quot; because &amp;quot;this.softAssert&amp;quot; is null">
      <![CDATA[java.lang.NullPointerException: Cannot invoke "org.testng.asserts.SoftAssert.assertEquals(String, String)" because "this.softAssert" is null
at tests.LoginTest.assert_example(LoginTest.java:48)
at java.base/java.util.ArrayList.forEach(ArrayList.java:1511)
... Removed 27 stack frames]]>
    </failure>
  </testcase> <!-- assert_example -->
  <testcase classname="tests.LoginTest" name="dummy_failure_scenario" time="2.046">
    <failure type="java.lang.AssertionError" message="The following asserts failed:
	expected [true] but found [false]">
      <![CDATA[java.lang.AssertionError: The following asserts failed:
expected [true] but found [false]
at tests.LoginTest.dummy_failure_scenario(LoginTest.java:39)
at java.base/java.util.ArrayList.forEach(ArrayList.java:1511)
... Removed 29 stack frames]]>
    </failure>
  </testcase> <!-- dummy_failure_scenario -->
  <testcase classname="tests.LoginTest" name="loginIntoPortal_test" time="4.915"/>
  <testcase classname="tests.LoginTest" name="loginIntoPortal_test" time="25.464"/>
  <testcase classname="tests.LoginTest" name="loginIntoPortal_test" time="5.205"/>
  <testcase classname="tests.LoginTest" name="loginPortal_reset_input_test" time="5.018"/>
</testsuite> <!-- Guru99 Bank Portal Test -->
