<?xml version="1.0" encoding="UTF-8"?>
<testng-results ignored="0" total="6" passed="6" failed="0" skipped="0">
  <reporter-output>
  </reporter-output>
  <suite started-at="2024-05-21T09:01:45 IST" name="Default suite" finished-at="2024-05-21T09:01:47 IST" duration-ms="1894">
    <groups>
    </groups>
    <test started-at="2024-05-21T09:01:45 IST" name="Default test" finished-at="2024-05-21T09:01:47 IST" duration-ms="1894">
      <class name="com.testng.examples.TestNGLifecycle">
        <test-method is-config="true" signature="beforeSuite()[pri:0, instance:com.testng.examples.TestNGLifecycle@3911c2a7]" started-at="2024-05-21T09:01:45 IST" name="beforeSuite" finished-at="2024-05-21T09:01:45 IST" duration-ms="21" status="PASS">
          <reporter-output>
          </reporter-output>
        </test-method> <!-- beforeSuite -->
        <test-method is-config="true" signature="beforeTest()[pri:0, instance:com.testng.examples.TestNGLifecycle@3911c2a7]" started-at="2024-05-21T09:01:45 IST" name="beforeTest" finished-at="2024-05-21T09:01:45 IST" duration-ms="1" status="PASS">
          <reporter-output>
          </reporter-output>
        </test-method> <!-- beforeTest -->
        <test-method is-config="true" signature="beforeMethod()[pri:0, instance:com.testng.examples.TestNGLifecycle@3911c2a7]" started-at="2024-05-21T09:01:47 IST" name="beforeMethod" finished-at="2024-05-21T09:01:47 IST" duration-ms="1" status="PASS">
          <reporter-output>
          </reporter-output>
        </test-method> <!-- beforeMethod -->
        <test-method signature="myTest(java.lang.String, java.lang.String)[pri:0, instance:com.testng.examples.TestNGLifecycle@3911c2a7]" started-at="2024-05-21T09:01:47 IST" name="myTest" data-provider="credentials" finished-at="2024-05-21T09:01:47 IST" duration-ms="12" status="PASS">
          <params>
            <param index="0">
              <value>
                <![CDATA[username]]>
              </value>
            </param>
            <param index="1">
              <value>
                <![CDATA[username]]>
              </value>
            </param>
          </params>
          <reporter-output>
          </reporter-output>
        </test-method> <!-- myTest -->
        <test-method is-config="true" signature="beforeMethod()[pri:0, instance:com.testng.examples.TestNGLifecycle@3911c2a7]" started-at="2024-05-21T09:01:47 IST" name="beforeMethod" finished-at="2024-05-21T09:01:47 IST" duration-ms="1" status="PASS">
          <reporter-output>
          </reporter-output>
        </test-method> <!-- beforeMethod -->
        <test-method is-config="true" signature="afterMethod()[pri:0, instance:com.testng.examples.TestNGLifecycle@3911c2a7]" started-at="2024-05-21T09:01:47 IST" name="afterMethod" finished-at="2024-05-21T09:01:47 IST" duration-ms="0" status="PASS">
          <reporter-output>
          </reporter-output>
        </test-method> <!-- afterMethod -->
        <test-method signature="myTest(java.lang.String, java.lang.String)[pri:0, instance:com.testng.examples.TestNGLifecycle@3911c2a7]" started-at="2024-05-21T09:01:47 IST" name="myTest" data-provider="credentials" finished-at="2024-05-21T09:01:47 IST" duration-ms="3" status="PASS">
          <params>
            <param index="0">
              <value>
                <![CDATA[mngr571718]]>
              </value>
            </param>
            <param index="1">
              <value>
                <![CDATA[mngr571718]]>
              </value>
            </param>
          </params>
          <reporter-output>
          </reporter-output>
        </test-method> <!-- myTest -->
        <test-method is-config="true" signature="afterMethod()[pri:0, instance:com.testng.examples.TestNGLifecycle@3911c2a7]" started-at="2024-05-21T09:01:47 IST" name="afterMethod" finished-at="2024-05-21T09:01:47 IST" duration-ms="1" status="PASS">
          <reporter-output>
          </reporter-output>
        </test-method> <!-- afterMethod -->
        <test-method is-config="true" signature="beforeMethod()[pri:0, instance:com.testng.examples.TestNGLifecycle@3911c2a7]" started-at="2024-05-21T09:01:47 IST" name="beforeMethod" finished-at="2024-05-21T09:01:47 IST" duration-ms="1" status="PASS">
          <reporter-output>
          </reporter-output>
        </test-method> <!-- beforeMethod -->
        <test-method signature="myTest(java.lang.String, java.lang.String)[pri:0, instance:com.testng.examples.TestNGLifecycle@3911c2a7]" started-at="2024-05-21T09:01:47 IST" name="myTest" data-provider="credentials" finished-at="2024-05-21T09:01:47 IST" duration-ms="3" status="PASS">
          <params>
            <param index="0">
              <value>
                <![CDATA[ldsadl]]>
              </value>
            </param>
            <param index="1">
              <value>
                <![CDATA[ldsadl]]>
              </value>
            </param>
          </params>
          <reporter-output>
          </reporter-output>
        </test-method> <!-- myTest -->
        <test-method is-config="true" signature="afterMethod()[pri:0, instance:com.testng.examples.TestNGLifecycle@3911c2a7]" started-at="2024-05-21T09:01:47 IST" name="afterMethod" finished-at="2024-05-21T09:01:47 IST" duration-ms="2" status="PASS">
          <reporter-output>
          </reporter-output>
        </test-method> <!-- afterMethod -->
        <test-method is-config="true" signature="beforeMethod()[pri:0, instance:com.testng.examples.TestNGLifecycle@3911c2a7]" started-at="2024-05-21T09:01:47 IST" name="beforeMethod" finished-at="2024-05-21T09:01:47 IST" duration-ms="1" status="PASS">
          <reporter-output>
          </reporter-output>
        </test-method> <!-- beforeMethod -->
        <test-method signature="myTest(java.lang.String, java.lang.String)[pri:0, instance:com.testng.examples.TestNGLifecycle@3911c2a7]" started-at="2024-05-21T09:01:47 IST" name="myTest" data-provider="credentials" finished-at="2024-05-21T09:01:47 IST" duration-ms="3" status="PASS">
          <params>
            <param index="0">
              <value>
                <![CDATA[dsahdadk]]>
              </value>
            </param>
            <param index="1">
              <value>
                <![CDATA[dsahdadk]]>
              </value>
            </param>
          </params>
          <reporter-output>
          </reporter-output>
        </test-method> <!-- myTest -->
        <test-method is-config="true" signature="afterMethod()[pri:0, instance:com.testng.examples.TestNGLifecycle@3911c2a7]" started-at="2024-05-21T09:01:47 IST" name="afterMethod" finished-at="2024-05-21T09:01:47 IST" duration-ms="1" status="PASS">
          <reporter-output>
          </reporter-output>
        </test-method> <!-- afterMethod -->
        <test-method is-config="true" signature="beforeMethod()[pri:0, instance:com.testng.examples.TestNGLifecycle@3911c2a7]" started-at="2024-05-21T09:01:47 IST" name="beforeMethod" finished-at="2024-05-21T09:01:47 IST" duration-ms="1" status="PASS">
          <reporter-output>
          </reporter-output>
        </test-method> <!-- beforeMethod -->
        <test-method signature="myTest(java.lang.String, java.lang.String)[pri:0, instance:com.testng.examples.TestNGLifecycle@3911c2a7]" started-at="2024-05-21T09:01:47 IST" name="myTest" data-provider="credentials" finished-at="2024-05-21T09:01:47 IST" duration-ms="2" status="PASS">
          <params>
            <param index="0">
              <value>
                <![CDATA[mngr571718]]>
              </value>
            </param>
            <param index="1">
              <value>
                <![CDATA[mngr571718]]>
              </value>
            </param>
          </params>
          <reporter-output>
          </reporter-output>
        </test-method> <!-- myTest -->
        <test-method is-config="true" signature="afterMethod()[pri:0, instance:com.testng.examples.TestNGLifecycle@3911c2a7]" started-at="2024-05-21T09:01:47 IST" name="afterMethod" finished-at="2024-05-21T09:01:47 IST" duration-ms="0" status="PASS">
          <reporter-output>
          </reporter-output>
        </test-method> <!-- afterMethod -->
        <test-method is-config="true" signature="beforeMethod()[pri:0, instance:com.testng.examples.TestNGLifecycle@3911c2a7]" started-at="2024-05-21T09:01:47 IST" name="beforeMethod" finished-at="2024-05-21T09:01:47 IST" duration-ms="0" status="PASS">
          <reporter-output>
          </reporter-output>
        </test-method> <!-- beforeMethod -->
        <test-method signature="myTest2()[pri:0, instance:com.testng.examples.TestNGLifecycle@3911c2a7]" started-at="2024-05-21T09:01:47 IST" name="myTest2" finished-at="2024-05-21T09:01:47 IST" duration-ms="1" status="PASS">
          <reporter-output>
          </reporter-output>
        </test-method> <!-- myTest2 -->
        <test-method is-config="true" signature="afterMethod()[pri:0, instance:com.testng.examples.TestNGLifecycle@3911c2a7]" started-at="2024-05-21T09:01:47 IST" name="afterMethod" finished-at="2024-05-21T09:01:47 IST" duration-ms="1" status="PASS">
          <reporter-output>
          </reporter-output>
        </test-method> <!-- afterMethod -->
        <test-method is-config="true" signature="afterTest()[pri:0, instance:com.testng.examples.TestNGLifecycle@3911c2a7]" started-at="2024-05-21T09:01:47 IST" name="afterTest" finished-at="2024-05-21T09:01:47 IST" duration-ms="1" status="PASS">
          <reporter-output>
          </reporter-output>
        </test-method> <!-- afterTest -->
        <test-method is-config="true" signature="afterSuite()[pri:0, instance:com.testng.examples.TestNGLifecycle@3911c2a7]" started-at="2024-05-21T09:01:47 IST" name="afterSuite" finished-at="2024-05-21T09:01:47 IST" duration-ms="0" status="PASS">
          <reporter-output>
          </reporter-output>
        </test-method> <!-- afterSuite -->
      </class> <!-- com.testng.examples.TestNGLifecycle -->
    </test> <!-- Default test -->
  </suite> <!-- Default suite -->
</testng-results>
