<?xml version="1.0" encoding="UTF-8"?>
<testng-results ignored="0" total="1" passed="1" failed="0" skipped="0">
  <reporter-output>
  </reporter-output>
  <suite started-at="2024-05-28T09:18:12 IST" name="Default suite" finished-at="2024-05-28T09:18:17 IST" duration-ms="4274">
    <groups>
    </groups>
    <test started-at="2024-05-28T09:18:12 IST" name="Default test" finished-at="2024-05-28T09:18:17 IST" duration-ms="4274">
      <class name="config.Hooks">
        <test-method is-config="true" signature="beforeSuite()[pri:0, instance:config.Hooks@3c41ed1d]" started-at="2024-05-28T09:18:12 IST" name="beforeSuite" finished-at="2024-05-28T09:18:12 IST" duration-ms="29" status="PASS">
          <reporter-output>
          </reporter-output>
        </test-method> <!-- beforeSuite -->
        <test-method is-config="true" signature="beforeTest()[pri:0, instance:config.Hooks@3c41ed1d]" started-at="2024-05-28T09:18:12 IST" name="beforeTest" finished-at="2024-05-28T09:18:12 IST" duration-ms="3" status="PASS">
          <reporter-output>
          </reporter-output>
        </test-method> <!-- beforeTest -->
        <test-method is-config="true" signature="beforeMethod()[pri:0, instance:config.Hooks@3c41ed1d]" started-at="2024-05-28T09:18:12 IST" name="beforeMethod" finished-at="2024-05-28T09:18:16 IST" duration-ms="3690" status="PASS">
          <reporter-output>
          </reporter-output>
        </test-method> <!-- beforeMethod -->
        <test-method signature="test()[pri:0, instance:config.Hooks@3c41ed1d]" started-at="2024-05-28T09:18:16 IST" name="test" finished-at="2024-05-28T09:18:16 IST" duration-ms="18" status="PASS">
          <reporter-output>
          </reporter-output>
        </test-method> <!-- test -->
        <test-method is-config="true" signature="afterMethod()[pri:0, instance:config.Hooks@3c41ed1d]" started-at="2024-05-28T09:18:16 IST" name="afterMethod" finished-at="2024-05-28T09:18:17 IST" duration-ms="460" status="PASS">
          <reporter-output>
          </reporter-output>
        </test-method> <!-- afterMethod -->
        <test-method is-config="true" signature="afterTest()[pri:0, instance:config.Hooks@3c41ed1d]" started-at="2024-05-28T09:18:17 IST" name="afterTest" finished-at="2024-05-28T09:18:17 IST" duration-ms="1" status="PASS">
          <reporter-output>
          </reporter-output>
        </test-method> <!-- afterTest -->
        <test-method is-config="true" signature="afterSuite()[pri:0, instance:config.Hooks@3c41ed1d]" started-at="2024-05-28T09:18:17 IST" name="afterSuite" finished-at="2024-05-28T09:18:17 IST" duration-ms="1" status="PASS">
          <reporter-output>
          </reporter-output>
        </test-method> <!-- afterSuite -->
      </class> <!-- config.Hooks -->
    </test> <!-- Default test -->
  </suite> <!-- Default suite -->
</testng-results>
