<?xml version="1.0" encoding="UTF-8"?>
<testng-results ignored="0" total="3" passed="3" failed="0" skipped="0">
  <reporter-output>
  </reporter-output>
  <suite started-at="2024-06-08T09:36:51 IST" name="Default suite" finished-at="2024-06-08T09:37:15 IST" duration-ms="23929">
    <groups>
    </groups>
    <test started-at="2024-06-08T09:36:51 IST" name="Default test" finished-at="2024-06-08T09:37:15 IST" duration-ms="23929">
      <class name="tests.LoginTest">
        <test-method is-config="true" signature="beforeSuite()[pri:0, instance:tests.LoginTest@34e9fd99]" started-at="2024-06-08T09:36:51 IST" name="beforeSuite" finished-at="2024-06-08T09:36:51 IST" duration-ms="26" status="PASS">
          <reporter-output>
          </reporter-output>
        </test-method> <!-- beforeSuite -->
        <test-method is-config="true" signature="beforeTest()[pri:0, instance:tests.LoginTest@34e9fd99]" started-at="2024-06-08T09:36:51 IST" name="beforeTest" finished-at="2024-06-08T09:36:51 IST" duration-ms="1" status="PASS">
          <reporter-output>
          </reporter-output>
        </test-method> <!-- beforeTest -->
        <test-method is-config="true" signature="beforeMethod()[pri:0, instance:tests.LoginTest@34e9fd99]" started-at="2024-06-08T09:36:51 IST" name="beforeMethod" finished-at="2024-06-08T09:36:55 IST" duration-ms="3369" status="PASS">
          <reporter-output>
          </reporter-output>
        </test-method> <!-- beforeMethod -->
        <test-method signature="test()[pri:0, instance:tests.LoginTest@34e9fd99]" started-at="2024-06-08T09:36:55 IST" name="test" finished-at="2024-06-08T09:36:55 IST" duration-ms="23" status="PASS">
          <reporter-output>
          </reporter-output>
        </test-method> <!-- test -->
        <test-method is-config="true" signature="afterMethod()[pri:0, instance:tests.LoginTest@34e9fd99]" started-at="2024-06-08T09:36:55 IST" name="afterMethod" finished-at="2024-06-08T09:36:55 IST" duration-ms="346" status="PASS">
          <reporter-output>
          </reporter-output>
        </test-method> <!-- afterMethod -->
        <test-method is-config="true" signature="beforeMethod()[pri:0, instance:tests.LoginTest@34e9fd99]" started-at="2024-06-08T09:36:55 IST" name="beforeMethod" finished-at="2024-06-08T09:36:57 IST" duration-ms="2338" status="PASS">
          <reporter-output>
          </reporter-output>
        </test-method> <!-- beforeMethod -->
        <test-method signature="LoginIntoPortal_valid_credentials()[pri:0, instance:tests.LoginTest@34e9fd99]" started-at="2024-06-08T09:36:57 IST" name="LoginIntoPortal_valid_credentials" finished-at="2024-06-08T09:37:03 IST" duration-ms="5837" status="PASS">
          <reporter-output>
          </reporter-output>
        </test-method> <!-- LoginIntoPortal_valid_credentials -->
        <test-method is-config="true" signature="afterMethod()[pri:0, instance:tests.LoginTest@34e9fd99]" started-at="2024-06-08T09:37:03 IST" name="afterMethod" finished-at="2024-06-08T09:37:03 IST" duration-ms="271" status="PASS">
          <reporter-output>
          </reporter-output>
        </test-method> <!-- afterMethod -->
        <test-method is-config="true" signature="beforeMethod()[pri:0, instance:tests.LoginTest@34e9fd99]" started-at="2024-06-08T09:37:03 IST" name="beforeMethod" finished-at="2024-06-08T09:37:10 IST" duration-ms="6836" status="PASS">
          <reporter-output>
          </reporter-output>
        </test-method> <!-- beforeMethod -->
        <test-method signature="loginPortal_reset_function_test()[pri:0, instance:tests.LoginTest@34e9fd99]" started-at="2024-06-08T09:37:10 IST" name="loginPortal_reset_function_test" finished-at="2024-06-08T09:37:15 IST" duration-ms="4336" status="PASS">
          <reporter-output>
          </reporter-output>
        </test-method> <!-- loginPortal_reset_function_test -->
        <test-method is-config="true" signature="afterMethod()[pri:0, instance:tests.LoginTest@34e9fd99]" started-at="2024-06-08T09:37:15 IST" name="afterMethod" finished-at="2024-06-08T09:37:15 IST" duration-ms="449" status="PASS">
          <reporter-output>
          </reporter-output>
        </test-method> <!-- afterMethod -->
        <test-method is-config="true" signature="afterTest()[pri:0, instance:tests.LoginTest@34e9fd99]" started-at="2024-06-08T09:37:15 IST" name="afterTest" finished-at="2024-06-08T09:37:15 IST" duration-ms="0" status="PASS">
          <reporter-output>
          </reporter-output>
        </test-method> <!-- afterTest -->
        <test-method is-config="true" signature="afterSuite()[pri:0, instance:tests.LoginTest@34e9fd99]" started-at="2024-06-08T09:37:15 IST" name="afterSuite" finished-at="2024-06-08T09:37:15 IST" duration-ms="4" status="PASS">
          <reporter-output>
          </reporter-output>
        </test-method> <!-- afterSuite -->
      </class> <!-- tests.LoginTest -->
    </test> <!-- Default test -->
  </suite> <!-- Default suite -->
</testng-results>
